2026-04-19 02:30:02,597 | INFO | loading config from configs/seresnet18.py
2026-04-19 02:30:06,587 | INFO | dataset split=train num_samples=65932 class_counts={'0': 4461, '1': 12450, '2': 9581, '3': 7640, '4': 6716, '5': 6188, '6': 5130, '7': 5033, '8': 4558, '9': 4175}
2026-04-19 02:30:06,587 | INFO | dataset split=val num_samples=7325 class_counts={'0': 487, '1': 1411, '2': 1004, '3': 857, '4': 742, '5': 694, '6': 597, '7': 562, '8': 487, '9': 484}
2026-04-19 02:30:06,588 | INFO | dataset split=test num_samples=26032 class_counts={'0': 1744, '1': 5099, '2': 4149, '3': 2882, '4': 2523, '5': 2384, '6': 1977, '7': 2019, '8': 1660, '9': 1595}
2026-04-19 02:30:17,671 | INFO | epoch=1 split=train loss=2.0879 acc=0.2611
2026-04-19 02:30:18,184 | INFO | epoch=1 split=val loss=1.9028 acc=0.3384
2026-04-19 02:30:29,085 | INFO | epoch=2 split=train loss=1.6763 acc=0.4140
2026-04-19 02:30:29,375 | INFO | epoch=2 split=val loss=1.5897 acc=0.4348
2026-04-19 02:30:37,714 | INFO | epoch=3 split=train loss=1.1831 acc=0.6102
2026-04-19 02:30:38,011 | INFO | epoch=3 split=val loss=1.2377 acc=0.6004
2026-04-19 02:30:46,394 | INFO | epoch=4 split=train loss=0.7650 acc=0.7633
2026-04-19 02:30:46,690 | INFO | epoch=4 split=val loss=0.7076 acc=0.7802
2026-04-19 02:30:55,169 | INFO | epoch=5 split=train loss=0.5137 acc=0.8473
2026-04-19 02:30:55,500 | INFO | epoch=5 split=val loss=0.6267 acc=0.8015
2026-04-19 02:31:03,752 | INFO | epoch=6 split=train loss=0.3923 acc=0.8830
2026-04-19 02:31:04,046 | INFO | epoch=6 split=val loss=0.4542 acc=0.8586
2026-04-19 02:31:12,608 | INFO | epoch=7 split=train loss=0.3317 acc=0.9016
2026-04-19 02:31:12,900 | INFO | epoch=7 split=val loss=0.4048 acc=0.8722
2026-04-19 02:31:23,562 | INFO | epoch=8 split=train loss=0.2929 acc=0.9136
2026-04-19 02:31:23,999 | INFO | epoch=8 split=val loss=0.3462 acc=0.8952
2026-04-19 02:31:34,537 | INFO | epoch=9 split=train loss=0.2645 acc=0.9227
2026-04-19 02:31:34,833 | INFO | epoch=9 split=val loss=0.3370 acc=0.8968
2026-04-19 02:31:43,133 | INFO | epoch=10 split=train loss=0.2434 acc=0.9296
2026-04-19 02:31:43,430 | INFO | epoch=10 split=val loss=0.2953 acc=0.9095
2026-04-19 02:31:51,870 | INFO | epoch=11 split=train loss=0.1884 acc=0.9482
2026-04-19 02:31:52,251 | INFO | epoch=11 split=val loss=0.2385 acc=0.9322
2026-04-19 02:32:00,593 | INFO | epoch=12 split=train loss=0.1742 acc=0.9534
2026-04-19 02:32:00,894 | INFO | epoch=12 split=val loss=0.2369 acc=0.9322
2026-04-19 02:32:09,161 | INFO | epoch=13 split=train loss=0.1681 acc=0.9555
2026-04-19 02:32:09,457 | INFO | epoch=13 split=val loss=0.2373 acc=0.9308
2026-04-19 02:32:17,715 | INFO | epoch=14 split=train loss=0.1645 acc=0.9562
2026-04-19 02:32:18,053 | INFO | epoch=14 split=val loss=0.2396 acc=0.9294
2026-04-19 02:32:29,457 | INFO | epoch=15 split=train loss=0.1597 acc=0.9580
2026-04-19 02:32:29,934 | INFO | epoch=15 split=val loss=0.2386 acc=0.9306
2026-04-19 02:32:40,304 | INFO | epoch=16 split=train loss=0.1567 acc=0.9591
2026-04-19 02:32:40,606 | INFO | epoch=16 split=val loss=0.2414 acc=0.9281
2026-04-19 02:32:49,048 | INFO | epoch=17 split=train loss=0.1538 acc=0.9605
2026-04-19 02:32:49,378 | INFO | epoch=17 split=val loss=0.2402 acc=0.9323
2026-04-19 02:32:57,762 | INFO | epoch=18 split=train loss=0.1499 acc=0.9613
2026-04-19 02:32:58,058 | INFO | epoch=18 split=val loss=0.2439 acc=0.9297
2026-04-19 02:33:06,340 | INFO | epoch=19 split=train loss=0.1473 acc=0.9622
2026-04-19 02:33:06,639 | INFO | epoch=19 split=val loss=0.2374 acc=0.9315
2026-04-19 02:33:15,022 | INFO | epoch=20 split=train loss=0.1443 acc=0.9629
2026-04-19 02:33:15,317 | INFO | epoch=20 split=val loss=0.2400 acc=0.9316
2026-04-19 02:33:17,426 | INFO | test loss=0.2174 acc=0.9379
